<?xml version="1.0" encoding="UTF-8"?>
<!-- Generated by org.testng.reporters.JUnitXMLReporter -->
<testsuite ignored="0" hostname="ASCENDI-VIBCTFF" failures="0" tests="4" name="Default test" time="0.183" errors="0" timestamp="2025-10-15T10:53:25 IST">
  <testcase classname="pac1.TC0010_Priority" name="zohotest" time="0.057"/>
  <testcase classname="pac1.TC0010_Priority" name="amazontest" time="0.007"/>
  <testcase classname="pac1.TC0010_Priority" name="yahootest" time="0.006"/>
  <testcase classname="pac1.TC0010_Priority" name="aaa" time="0.002"/>
</testsuite> <!-- Default test -->
